{"name": "test_login", "status": "broken", "statusDetails": {"message": "selenium.common.exceptions.NoSuchElementException: Message: no such element: Unable to locate element: {\"method\":\"xpath\",\"selector\":\"//input[@name='username']\"}\n  (Session info: chrome=133.0.6943.137); For documentation on this error, please visit: https://www.selenium.dev/documentation/webdriver/troubleshooting/errors#nosuchelementexception\nStacktrace:\n\tGetHandleVerifier [0x00007FF7076B1805+3048677]\n\t(No symbol) [0x00007FF707333B20]\n\t(No symbol) [0x00007FF7071B8FBA]\n\t(No symbol) [0x00007FF70720F27A]\n\t(No symbol) [0x00007FF70720F4AC]\n\t(No symbol) [0x00007FF707262B87]\n\t(No symbol) [0x00007FF7072372CF]\n\t(No symbol) [0x00007FF70725F849]\n\t(No symbol) [0x00007FF707237063]\n\t(No symbol) [0x00007FF7071FFFC0]\n\t(No symbol) [0x00007FF707201273]\n\tGetHandleVerifier [0x00007FF707711F5D+3443773]\n\tGetHandleVerifier [0x00007FF70772596A+3524170]\n\tGetHandleVerifier [0x00007FF70771B1A3+3481219]\n\tGetHandleVerifier [0x00007FF70749A26A+855882]\n\t(No symbol) [0x00007FF70733EB3F]\n\t(No symbol) [0x00007FF70733AB64]\n\t(No symbol) [0x00007FF70733AD06]\n\t(No symbol) [0x00007FF707329E79]\n\tBaseThreadInitThunk [0x00007FF9E2BEE8D7+23]\n\tRtlUserThreadStart [0x00007FF9E3D9C34C+44]", "trace": "appium_driver = <appium.webdriver.webdriver.WebDriver (session=\"522232c3-8eff-47eb-b011-2f6e05f2646f\")>\n\n    def test_login(appium_driver):\n        driver = appium_driver\n        driver.get(\"https://opensource-demo.orangehrmlive.com/web/index.php/auth/login\")\n>       driver.find_element(AppiumBy.XPATH, \"//input[@name='username']\").send_keys(\"Admin\")\n        ^^^^^^^^^^^^^^^^^^^^^^^^^^^^^^^^^^^^^^^^^^^^^^^^^^^^^^^^^^^^^^^^\n\ntest_login.py:22: \n_ _ _ _ _ _ _ _ _ _ _ _ _ _ _ _ _ _ _ _ _ _ _ _ _ _ _ _ _ _ _ _ _ _ _ _ _ _ _ _\n..\\.venv\\Lib\\site-packages\\selenium\\webdriver\\remote\\webdriver.py:922: in find_element\n    return self.execute(Command.FIND_ELEMENT, {\"using\": by, \"value\": value})[\"value\"]\n           ^^^^^^^^^^^^^^^^^^^^^^^^^^^^^^^^^^^^^^^^^^^^^^^^^^^^^^^^^^^^^^^^^\n..\\.venv\\Lib\\site-packages\\selenium\\webdriver\\remote\\webdriver.py:454: in execute\n    self.error_handler.check_response(response)\n_ _ _ _ _ _ _ _ _ _ _ _ _ _ _ _ _ _ _ _ _ _ _ _ _ _ _ _ _ _ _ _ _ _ _ _ _ _ _ _\n\nself = <appium.webdriver.errorhandler.MobileErrorHandler object at 0x000002506A988050>\nresponse = {'status': 404, 'value': '{\"value\":{\"error\":\"no such element\",\"message\":\"no such element: Unable to locate element: {\\...07FF707329E79]\\\\n\\\\tBaseThreadInitThunk [0x00007FF9E2BEE8D7+23]\\\\n\\\\tRtlUserThreadStart [0x00007FF9E3D9C34C+44]\\\\n\"}}'}\n\n    def check_response(self, response: Dict[str, Any]) -> None:\n        \"\"\"\n        https://www.w3.org/TR/webdriver/#errors\n        \"\"\"\n        payload = response.get('value', '')\n        if isinstance(payload, dict):\n            payload_dict = payload\n        else:\n            try:\n                payload_dict = json.loads(payload)\n            except (json.JSONDecodeError, TypeError):\n                return\n            if not isinstance(payload_dict, dict):\n                return\n        value = payload_dict.get('value')\n        if not isinstance(value, dict):\n            return\n        error = value.get('error')\n        if not error:\n            return\n    \n        message = value.get('message', error)\n        stacktrace = value.get('stacktrace', '')\n        # In theory, we should also be checking HTTP status codes.\n        # Java client, for example, prints a warning if the actual `error`\n        # value does not match to the response's HTTP status code.\n        exception_class: Type[sel_exceptions.WebDriverException] = ERROR_TO_EXC_MAPPING.get(\n            error, sel_exceptions.WebDriverException\n        )\n        if exception_class is sel_exceptions.WebDriverException and message:\n            if message == 'No such context found.':\n                exception_class = appium_exceptions.NoSuchContextException\n            elif message == 'That command could not be executed in the current context.':\n                exception_class = appium_exceptions.InvalidSwitchToTargetException\n    \n        if exception_class is sel_exceptions.UnexpectedAlertPresentException:\n            raise sel_exceptions.UnexpectedAlertPresentException(\n                msg=message,\n                stacktrace=format_stacktrace(stacktrace),\n                alert_text=value.get('data'),\n            )\n>       raise exception_class(msg=message, stacktrace=format_stacktrace(stacktrace))\nE       selenium.common.exceptions.NoSuchElementException: Message: no such element: Unable to locate element: {\"method\":\"xpath\",\"selector\":\"//input[@name='username']\"}\nE         (Session info: chrome=133.0.6943.137); For documentation on this error, please visit: https://www.selenium.dev/documentation/webdriver/troubleshooting/errors#nosuchelementexception\nE       Stacktrace:\nE       \tGetHandleVerifier [0x00007FF7076B1805+3048677]\nE       \t(No symbol) [0x00007FF707333B20]\nE       \t(No symbol) [0x00007FF7071B8FBA]\nE       \t(No symbol) [0x00007FF70720F27A]\nE       \t(No symbol) [0x00007FF70720F4AC]\nE       \t(No symbol) [0x00007FF707262B87]\nE       \t(No symbol) [0x00007FF7072372CF]\nE       \t(No symbol) [0x00007FF70725F849]\nE       \t(No symbol) [0x00007FF707237063]\nE       \t(No symbol) [0x00007FF7071FFFC0]\nE       \t(No symbol) [0x00007FF707201273]\nE       \tGetHandleVerifier [0x00007FF707711F5D+3443773]\nE       \tGetHandleVerifier [0x00007FF70772596A+3524170]\nE       \tGetHandleVerifier [0x00007FF70771B1A3+3481219]\nE       \tGetHandleVerifier [0x00007FF70749A26A+855882]\nE       \t(No symbol) [0x00007FF70733EB3F]\nE       \t(No symbol) [0x00007FF70733AB64]\nE       \t(No symbol) [0x00007FF70733AD06]\nE       \t(No symbol) [0x00007FF707329E79]\nE       \tBaseThreadInitThunk [0x00007FF9E2BEE8D7+23]\nE       \tRtlUserThreadStart [0x00007FF9E3D9C34C+44]\n\n..\\.venv\\Lib\\site-packages\\appium\\webdriver\\errorhandler.py:125: NoSuchElementException"}, "start": 1753859484494, "stop": 1753859517459, "uuid": "3afd6d58-12b5-4af5-b2f6-65b75621e260", "historyId": "7a6d5049f9f16ad82653dde78c1774b6", "testCaseId": "7a6d5049f9f16ad82653dde78c1774b6", "fullName": "test_login#test_login", "labels": [{"name": "suite", "value": "test_login"}, {"name": "host", "value": "PUMA-71500-WL"}, {"name": "thread", "value": "11420-MainThread"}, {"name": "framework", "value": "pytest"}, {"name": "language", "value": "cpython3"}, {"name": "package", "value": "test_login"}]}